<?xml version="1.0" encoding="UTF-8"?>
<!-- Generated by org.testng.reporters.JUnitReportReporter -->
<testsuite hostname="DESKTOP-GM84J73" name="testbaidu.testBaidu" tests="1" failures="0" timestamp="14 Mar 2019 01:02:29 GMT" time="2.357" errors="0">
  <testcase name="tuo" time="2.357" classname="testbaidu.testBaidu"/>
</testsuite> <!-- testbaidu.testBaidu -->
