<?xml version="1.0" encoding="UTF-8"?>
<!-- Generated by org.testng.reporters.JUnitReportReporter -->
<testsuite hostname="DESKTOP-GM84J73" name="testbaidu.testBaidu" tests="1" failures="0" timestamp="20 Mar 2019 00:57:25 GMT" time="7.185" errors="0">
  <testcase name="tuo" time="7.185" classname="testbaidu.testBaidu"/>
</testsuite> <!-- testbaidu.testBaidu -->
