<?xml version="1.0" encoding="UTF-8"?>
<!-- Generated by org.testng.reporters.JUnitReportReporter -->
<testsuite hostname="DESKTOP-GM84J73" name="com.testcase.addclasstestcase" tests="1" failures="0" timestamp="7 Mar 2019 00:56:37 GMT" time="7.579" errors="0">
  <testcase name="asclass" time="7.579" classname="com.testcase.addclasstestcase"/>
</testsuite> <!-- com.testcase.addclasstestcase -->
