<?xml version="1.0" encoding="UTF-8"?>
<!-- Generated by org.testng.reporters.JUnitReportReporter -->
<testsuite hostname="DESKTOP-GM84J73" name="com.testcase.logintestcase4" tests="1" failures="0" timestamp="7 Mar 2019 00:56:37 GMT" time="5.632" errors="0">
  <testcase name="login" time="5.632" classname="com.testcase.logintestcase4"/>
</testsuite> <!-- com.testcase.logintestcase4 -->
