<?xml version="1.0" encoding="UTF-8"?>
<!-- Generated by org.testng.reporters.JUnitReportReporter -->
<testsuite hostname="DESKTOP-GM84J73" name="com.testcase.xinzengtestcase" tests="1" failures="0" timestamp="7 Mar 2019 00:56:37 GMT" time="6.418" errors="0">
  <testcase name="ti" time="6.418" classname="com.testcase.xinzengtestcase"/>
</testsuite> <!-- com.testcase.xinzengtestcase -->
