<?xml version="1.0" encoding="UTF-8"?>
<!-- Generated by org.testng.reporters.JUnitReportReporter -->
<testsuite hostname="DESKTOP-GM84J73" name="com.testcase.addgonggaotestcase" tests="1" failures="0" timestamp="7 Mar 2019 06:31:09 GMT" time="6.459" errors="0">
  <testcase name="asclass" time="6.459" classname="com.testcase.addgonggaotestcase"/>
</testsuite> <!-- com.testcase.addgonggaotestcase -->
