<?xml version="1.0" encoding="UTF-8"?>
<!-- Generated by org.testng.reporters.JUnitReportReporter -->
<testsuite hostname="DESKTOP-GM84J73" name="stu.login" tests="1" failures="0" timestamp="7 Mar 2019 02:17:05 GMT" time="5.601" errors="0">
  <testcase name="Aloge" time="5.601" classname="stu.login"/>
</testsuite> <!-- stu.login -->
